<?xml version="1.0" encoding="UTF-8"?>
<!-- Generated by org.testng.reporters.JUnitReportReporter -->
<testsuite hostname="Sandeeps-MacBook-Pro.local" name="testCases.LandingPageParentSignUp" tests="1" failures="0" timestamp="26 Aug 2016 03:07:54 GMT" time="11.973" errors="0">
  <testcase name="enterValidParentEmailAndPassword" time="11.973" classname="testCases.LandingPageParentSignUp"/>
</testsuite> <!-- testCases.LandingPageParentSignUp -->
