<?xml version="1.0" encoding="UTF-8"?>
<!-- Generated by org.testng.reporters.JUnitReportReporter -->
<testsuite hostname="Sandeeps-MacBook-Pro.local" name="testCases.LandingPageParentSignUp" tests="7" failures="0" timestamp="26 Aug 2016 06:07:37 GMT" time="61.783" errors="0">
  <testcase name="enterExistingParentEmailAndPassword" time="10.969" classname="testCases.LandingPageParentSignUp"/>
  <testcase name="enterBlankUserPassword" time="8.767" classname="testCases.LandingPageParentSignUp"/>
  <testcase name="enterValidParentEmailAndPassword" time="10.097" classname="testCases.LandingPageParentSignUp"/>
  <testcase name="enterValidEmailAndInvalidPassword" time="9.341" classname="testCases.LandingPageParentSignUp"/>
  <testcase name="enterBlankCredentials" time="7.256" classname="testCases.LandingPageParentSignUp"/>
  <testcase name="enterBlankUserEmail" time="7.385" classname="testCases.LandingPageParentSignUp"/>
  <testcase name="enterInvalidEmailAndPAssword" time="7.968" classname="testCases.LandingPageParentSignUp"/>
</testsuite> <!-- testCases.LandingPageParentSignUp -->
